

Version:	3.50
CmdLine:	C:\Users\Shashank Tripathi\Desktop\sudoku game\sudoku.exe --l4j-debug
JNI:		No
WOW64:		Yes
Working dir:	C:\Users\Shashank Tripathi\Desktop\sudoku game\.
Requires JDK:	No
Requires 64-Bit: No
Java min ver:	
Java max ver:	
Substitute:	JAVA_HOME = C:\Program Files\Java\jdk-20
Substitute:	PATH = C:\WINDOWS\system32;C:\WINDOWS;C:\WINDOWS\System32\Wbem;C:\WINDOWS\System32\WindowsPowerShell\v1.0\;C:\WINDOWS\System32\OpenSSH\;C:\Program Files\Java\jdk-20\bin;C:\Program Files\Java\jdk-20;C:\Users\Shashank Tripathi\AppData\Local\Microsoft\WindowsApps;C:\Program Files\Java\jdk-20;;C:\Program Files\Java\jdk-20\bin
JRE paths:	C:\Program Files\Java\jdk-20;C:\WINDOWS\system32;C:\WINDOWS;C:\WINDOWS\System32\Wbem;C:\WINDOWS\System32\WindowsPowerShell\v1.0\;C:\WINDOWS\System32\OpenSSH\;C:\Program Files\Java\jdk-20\bin;C:\Program Files\Java\jdk-20;C:\Users\Shashank Tripathi\AppData\Local\Microsoft\WindowsApps;C:\Program Files\Java\jdk-20;;C:\Program Files\Java\jdk-20\bin
Check launcher:	C:\Program Files\Java\jdk-20\bin\javaw.exe (OK)
Version string: 1.020.000_001 / 64-Bit (OK)
Main class:	sudokufile
Info:		Classpath not defined.
Launcher:	C:\Program Files\Java\jdk-20\bin\javaw.exe
Launcher args:	-classpath "C:\Users\Shashank Tripathi\Desktop\sudoku game\sudoku.exe" sudokufile
Args length:	81/32768 chars
Exit code:	0


Version:	3.50
CmdLine:	C:\Users\Shashank Tripathi\Desktop\sudoku game\sudoku.exe --l4j-debug
JNI:		No
WOW64:		Yes
Working dir:	C:\Users\Shashank Tripathi\Desktop\sudoku game\.
Requires JDK:	No
Requires 64-Bit: No
Java min ver:	
Java max ver:	
Substitute:	JAVA_HOME = C:\Program Files\Java\jdk-20
Substitute:	PATH = C:\WINDOWS\system32;C:\WINDOWS;C:\WINDOWS\System32\Wbem;C:\WINDOWS\System32\WindowsPowerShell\v1.0\;C:\WINDOWS\System32\OpenSSH\;C:\Program Files\Java\jdk-20\bin;C:\Program Files\Java\jdk-20;C:\Users\Shashank Tripathi\AppData\Local\Microsoft\WindowsApps;C:\Program Files\Java\jdk-20;;C:\Program Files\Java\jdk-20\bin
JRE paths:	C:\Program Files\Java\jdk-20;C:\WINDOWS\system32;C:\WINDOWS;C:\WINDOWS\System32\Wbem;C:\WINDOWS\System32\WindowsPowerShell\v1.0\;C:\WINDOWS\System32\OpenSSH\;C:\Program Files\Java\jdk-20\bin;C:\Program Files\Java\jdk-20;C:\Users\Shashank Tripathi\AppData\Local\Microsoft\WindowsApps;C:\Program Files\Java\jdk-20;;C:\Program Files\Java\jdk-20\bin
Check launcher:	C:\Program Files\Java\jdk-20\bin\javaw.exe (OK)
Version string: 1.020.000_001 / 64-Bit (OK)
Main class:	sudokufile
Info:		Classpath not defined.
Launcher:	C:\Program Files\Java\jdk-20\bin\javaw.exe
Launcher args:	-classpath "C:\Users\Shashank Tripathi\Desktop\sudoku game\sudoku.exe" sudokufile
Args length:	81/32768 chars
Exit code:	0
